#
# There is insufficient memory for the Java Runtime Environment to continue.
# Native memory allocation (malloc) failed to allocate 1048576 bytes for AllocateHeap
# Possible reasons:
#   The system is out of physical RAM or swap space
#   The process is running with CompressedOops enabled, and the Java Heap may be blocking the growth of the native heap
# Possible solutions:
#   Reduce memory load on the system
#   Increase physical memory or swap space
#   Check if swap backing store is full
#   Decrease Java heap size (-Xmx/-Xms)
#   Decrease number of Java threads
#   Decrease Java thread stack sizes (-Xss)
#   Set larger code cache with -XX:ReservedCodeCacheSize=
#   JVM is running with Unscaled Compressed Oops mode in which the Java heap is
#     placed in the first 4GB address space. The Java Heap base address is the
#     maximum limit for the native heap growth. Please use -XX:HeapBaseMinAddress
#     to set the Java Heap base and to place the Java Heap above 4GB virtual address.
# This output file may be truncated or incomplete.
#
#  Out of Memory Error (t:/workspace/open/src/hotspot/share/memory/allocation.cpp:44), pid=12792, tid=12720
#
# JRE version: Java(TM) SE Runtime Environment (14.0+36) (build 14+36-1461)
# Java VM: Java HotSpot(TM) 64-Bit Server VM (14+36-1461, mixed mode, sharing, tiered, compressed oops, g1 gc, windows-amd64)
# No core dump will be written. Minidumps are not enabled by default on client versions of Windows
#

---------------  S U M M A R Y ------------

Command Line: -ea -Didea.test.cyclic.buffer.size=1048576 -javaagent:C:\Program Files\JetBrains\IntelliJ IDEA Community Edition 2019.3.4\lib\idea_rt.jar=62748:C:\Program Files\JetBrains\IntelliJ IDEA Community Edition 2019.3.4\bin -Dfile.encoding=UTF-8 com.intellij.rt.testng.RemoteTestNGStarter -usedefaultlisteners false -socket62747 @w@C:\Users\AMG496\AppData\Local\Temp\idea_working_dirs_testng1.tmp -temp C:\Users\AMG496\AppData\Local\Temp\idea_testng1.tmp

Host: AMD FX(tm)-6300 Six-Core Processor             , 6 cores, 7G,  Windows 8.1 , 64 bit Build 9600 (6.3.9600.19538)
Time: Sat Apr 18 20:27:11 2020 Egypt Standard Time elapsed time: 21 seconds (0d 0h 0m 21s)

---------------  T H R E A D  ---------------

Current thread (0x000000feda0c3800):  VMThread "VM Thread" [stack: 0x000000fedaaf0000,0x000000fedabf0000] [id=12720]

Stack: [0x000000fedaaf0000,0x000000fedabf0000]
[error occurred during error reporting (printing stack bounds), id 0xc0000005, EXCEPTION_ACCESS_VIOLATION (0xc0000005) at pc=0x000000fec38a10ad]

Native frames: (J=compiled Java code, j=interpreted, Vv=VM code, C=native code)
V  [jvm.dll+0x5f83ea]
V  [jvm.dll+0x741e2a]
V  [jvm.dll+0x7435df]
V  [jvm.dll+0x743b85]
V  [jvm.dll+0x743b3b]
V  [jvm.dll+0x5f791f]
V  [jvm.dll+0x5f8088]
C  [ntdll.dll+0x9345d]
C  [ntdll.dll+0x54937]
C  [ntdll.dll+0x925ea]
C  0x000000fec38a10ad

VM_Operation (0x000000feba8cbda0): CollectForMetadataAllocation, mode: safepoint, requested by thread 0x000000febb127800


---------------  P R O C E S S  ---------------

Threads class SMR info:
_java_thread_list=0x000000fedc070660, length=21, elements={
0x000000febb127800, 0x000000feda0c6000, 0x000000feda0ca000, 0x000000feda0dc000,
0x000000feda0dd000, 0x000000feda0e0000, 0x000000feda0e1800, 0x000000fedb2f0800,
0x000000fedb2f9000, 0x000000fedb3e6000, 0x000000fedb3e7000, 0x000000fedb3e7800,
0x000000fedb3e5000, 0x000000fedb3e8800, 0x000000fedb3eb000, 0x000000fedb3e9000,
0x000000fedb3eb800, 0x000000fedb3ea000, 0x000000fedb4a7800, 0x000000fedb4a6000,
0x000000fedb4a7000
}

Java Threads: ( => current thread )
  0x000000febb127800 JavaThread "main" [_thread_blocked, id=13168, stack(0x000000feba7d0000,0x000000feba8d0000)]
  0x000000feda0c6000 JavaThread "Reference Handler" daemon [_thread_blocked, id=9180, stack(0x000000fedabf0000,0x000000fedacf0000)]
  0x000000feda0ca000 JavaThread "Finalizer" daemon [_thread_blocked, id=12176, stack(0x000000fedacf0000,0x000000fedadf0000)]
  0x000000feda0dc000 JavaThread "Signal Dispatcher" daemon [_thread_blocked, id=10468, stack(0x000000fedaed0000,0x000000fedafd0000)]
  0x000000feda0dd000 JavaThread "Attach Listener" daemon [_thread_blocked, id=7544, stack(0x000000fedafd0000,0x000000fedb0d0000)]
  0x000000feda0e0000 JavaThread "Service Thread" daemon [_thread_blocked, id=11020, stack(0x000000fedb0d0000,0x000000fedb1d0000)]
  0x000000feda0e1800 JavaThread "C2 CompilerThread0" daemon [_thread_blocked, id=8960, stack(0x000000fedb1d0000,0x000000fedb2d0000)]
  0x000000fedb2f0800 JavaThread "C1 CompilerThread0" daemon [_thread_blocked, id=13040, stack(0x000000fedb6d0000,0x000000fedb7d0000)]
  0x000000fedb2f9000 JavaThread "Sweeper thread" daemon [_thread_blocked, id=12388, stack(0x000000fedb7d0000,0x000000fedb8d0000)]
  0x000000fedb3e6000 JavaThread "Common-Cleaner" daemon [_thread_blocked, id=8732, stack(0x000000fedb8d0000,0x000000fedb9d0000)]
  0x000000fedb3e7000 JavaThread "Monitor Ctrl-Break" daemon [_thread_in_native, id=13120, stack(0x000000fedb9d0000,0x000000fedbad0000)]
  0x000000fedb3e7800 JavaThread "Notification Thread" daemon [_thread_blocked, id=11120, stack(0x000000fedbad0000,0x000000fedbbd0000)]
  0x000000fedb3e5000 JavaThread "Exec Default Executor" daemon [_thread_in_native, id=12396, stack(0x000000fede1f0000,0x000000fede2f0000)]
  0x000000fedb3e8800 JavaThread "Exec Stream Pumper" daemon [_thread_in_native, id=9472, stack(0x000000fede3f0000,0x000000fede4f0000)]
  0x000000fedb3eb000 JavaThread "Exec Stream Pumper" daemon [_thread_blocked, id=13272, stack(0x000000fede4f0000,0x000000fede5f0000)]
  0x000000fedb3e9000 JavaThread "ForkJoinPool.commonPool-worker-3" daemon [_thread_blocked, id=12332, stack(0x000000fedbcd0000,0x000000fedbdd0000)]
  0x000000fedb3eb800 JavaThread "OkHttp ConnectionPool" daemon [_thread_blocked, id=9008, stack(0x000000fede8f0000,0x000000fede9f0000)]
  0x000000fedb3ea000 JavaThread "Okio Watchdog" daemon [_thread_blocked, id=10136, stack(0x000000fede9f0000,0x000000fedeaf0000)]
  0x000000fedb4a7800 JavaThread "Java2D Disposer" daemon [_thread_blocked, id=12520, stack(0x000000fedee80000,0x000000fedef80000)]
  0x000000fedb4a6000 JavaThread "AWT-Shutdown" [_thread_blocked, id=12116, stack(0x000000fedef80000,0x000000fedf080000)]
  0x000000fedb4a7000 JavaThread "AWT-Windows" daemon [_thread_in_native, id=7320, stack(0x000000fedf080000,0x000000fedf180000)]

Other Threads:
=>0x000000feda0c3800 VMThread "VM Thread" [stack: 0x000000fedaaf0000,0x000000fedabf0000] [id=12720]
  0x000000fedb44a800 WatcherThread [stack: 0x000000fedbbd0000,0x000000fedbcd0000] [id=12304]
  0x000000febb16b000 GCTaskThread "GC Thread#0" [stack: 0x000000fed7590000,0x000000fed7690000] [id=10640]
  0x000000fedc500000 GCTaskThread "GC Thread#1" [stack: 0x000000fedd9f0000,0x000000feddaf0000] [id=6508]
  0x000000fedc4d0000 GCTaskThread "GC Thread#2" [stack: 0x000000feddaf0000,0x000000feddbf0000] [id=2516]
  0x000000fedcc46000 GCTaskThread "GC Thread#3" [stack: 0x000000fee14c0000,0x000000fee15c0000] [id=5304]
  0x000000febb17d000 ConcurrentGCThread "G1 Main Marker" [stack: 0x000000fed7690000,0x000000fed7790000] [id=12768]
  0x000000febb17e000 ConcurrentGCThread "G1 Conc#0" [stack: 0x000000fed7790000,0x000000fed7890000] [id=9380]
  0x000000fedcbc6000 ConcurrentGCThread "G1 Conc#1" [stack: 0x000000fee15c0000,0x000000fee16c0000] [id=12360]
  0x000000fed9f35800 ConcurrentGCThread "G1 Refine#0" [stack: 0x000000feda0f0000,0x000000feda1f0000] [id=12632]
  0x000000fedb54e800 ConcurrentGCThread "G1 Refine#1" [stack: 0x000000feddbf0000,0x000000feddcf0000] [id=4156]
  0x000000fedc322800 ConcurrentGCThread "G1 Refine#2" [stack: 0x000000feddcf0000,0x000000fedddf0000] [id=11464]
  0x000000fed9f36800 ConcurrentGCThread "G1 Young RemSet Sampling" [stack: 0x000000feda1f0000,0x000000feda2f0000] [id=4044]

Threads with active compile tasks:

VM state:at safepoint (normal execution)

VM Mutex/Monitor currently owned by a thread:  ([mutex/lock_event])
[0x000000febb123ac0] Threads_lock - owner thread: 0x000000feda0c3800
[0x000000febb122ef0] Heap_lock - owner thread: 0x000000febb127800

Heap address: 0x0000000080400000, size: 2044 MB, Compressed Oops mode: 32-bit
Narrow klass base: 0x0000000800000000, Narrow klass shift: 3
Compressed class space size: 1073741824 Address: 0x0000000800b30000

Heap:
 garbage-first heap   total 131072K, used 18591K [0x0000000080400000, 0x0000000100000000)
  region size 1024K, 5 young (5120K), 4 survivors (4096K)
 Metaspace       used 17666K, capacity 18232K, committed 18432K, reserved 1071104K
  class space    used 2092K, capacity 2298K, committed 2304K, reserved 1048576K
Heap Regions: E=young(eden), S=young(survivor), O=old, HS=humongous(starts), HC=humongous(continues), CS=collection set, F=free, OA=open archive, CA=closed archive, TAMS=top-at-mark-start (previous, next)
|   0|0x0000000080400000, 0x0000000080500000, 0x0000000080500000|100%|HS|  |TAMS 0x0000000080400000, 0x0000000080500000| Complete 
|   1|0x0000000080500000, 0x0000000080600000, 0x0000000080600000|100%| O|  |TAMS 0x0000000080500000, 0x0000000080600000| Untracked 
|   2|0x0000000080600000, 0x0000000080700000, 0x0000000080700000|100%| O|  |TAMS 0x0000000080600000, 0x0000000080700000| Untracked 
|   3|0x0000000080700000, 0x0000000080800000, 0x0000000080800000|100%| O|  |TAMS 0x0000000080700000, 0x0000000080800000| Untracked 
|   4|0x0000000080800000, 0x0000000080900000, 0x0000000080900000|100%| O|  |TAMS 0x0000000080800000, 0x0000000080900000| Untracked 
|   5|0x0000000080900000, 0x0000000080a00000, 0x0000000080a00000|100%| O|  |TAMS 0x0000000080900000, 0x0000000080a00000| Untracked 
|   6|0x0000000080a00000, 0x0000000080ae1200, 0x0000000080b00000| 87%| O|  |TAMS 0x0000000080a00000, 0x0000000080ae1200| Untracked 
|   7|0x0000000080b00000, 0x0000000080c00000, 0x0000000080c00000|100%|HS|  |TAMS 0x0000000080b00000, 0x0000000080c00000| Complete 
|   8|0x0000000080c00000, 0x0000000080d00000, 0x0000000080d00000|100%|HC|  |TAMS 0x0000000080c00000, 0x0000000080d00000| Complete 
|   9|0x0000000080d00000, 0x0000000080e00000, 0x0000000080e00000|100%|HC|  |TAMS 0x0000000080d00000, 0x0000000080e00000| Complete 
|  10|0x0000000080e00000, 0x0000000080f00000, 0x0000000080f00000|100%|HC|  |TAMS 0x0000000080e00000, 0x0000000080f00000| Complete 
|  11|0x0000000080f00000, 0x0000000081000000, 0x0000000081000000|100%|HC|  |TAMS 0x0000000080f00000, 0x0000000081000000| Complete 
|  12|0x0000000081000000, 0x0000000081100000, 0x0000000081100000|100%|HC|  |TAMS 0x0000000081000000, 0x0000000081100000| Complete 
|  13|0x0000000081100000, 0x0000000081200000, 0x0000000081200000|100%|HC|  |TAMS 0x0000000081100000, 0x0000000081200000| Complete 
|  14|0x0000000081200000, 0x0000000081300000, 0x0000000081300000|100%|HC|  |TAMS 0x0000000081200000, 0x0000000081300000| Complete 
|  15|0x0000000081300000, 0x0000000081300000, 0x0000000081400000|  0%| F|  |TAMS 0x0000000081300000, 0x0000000081300000| Untracked 
|  16|0x0000000081400000, 0x0000000081400000, 0x0000000081500000|  0%| F|  |TAMS 0x0000000081400000, 0x0000000081400000| Untracked 
|  17|0x0000000081500000, 0x0000000081500000, 0x0000000081600000|  0%| F|  |TAMS 0x0000000081500000, 0x0000000081500000| Untracked 
|  18|0x0000000081600000, 0x0000000081600000, 0x0000000081700000|  0%| F|  |TAMS 0x0000000081600000, 0x0000000081600000| Untracked 
|  19|0x0000000081700000, 0x0000000081700000, 0x0000000081800000|  0%| F|  |TAMS 0x0000000081700000, 0x0000000081700000| Untracked 
|  20|0x0000000081800000, 0x0000000081800000, 0x0000000081900000|  0%| F|  |TAMS 0x0000000081800000, 0x0000000081800000| Untracked 
|  21|0x0000000081900000, 0x0000000081900000, 0x0000000081a00000|  0%| F|  |TAMS 0x0000000081900000, 0x0000000081900000| Untracked 
|  22|0x0000000081a00000, 0x0000000081a00000, 0x0000000081b00000|  0%| F|  |TAMS 0x0000000081a00000, 0x0000000081a00000| Untracked 
|  23|0x0000000081b00000, 0x0000000081b00000, 0x0000000081c00000|  0%| F|  |TAMS 0x0000000081b00000, 0x0000000081b00000| Untracked 
|  24|0x0000000081c00000, 0x0000000081c00000, 0x0000000081d00000|  0%| F|  |TAMS 0x0000000081c00000, 0x0000000081c00000| Untracked 
|  25|0x0000000081d00000, 0x0000000081d00000, 0x0000000081e00000|  0%| F|  |TAMS 0x0000000081d00000, 0x0000000081d00000| Untracked 
|  26|0x0000000081e00000, 0x0000000081e00000, 0x0000000081f00000|  0%| F|  |TAMS 0x0000000081e00000, 0x0000000081e00000| Untracked 
|  27|0x0000000081f00000, 0x0000000081f00000, 0x0000000082000000|  0%| F|  |TAMS 0x0000000081f00000, 0x0000000081f00000| Untracked 
|  28|0x0000000082000000, 0x0000000082000000, 0x0000000082100000|  0%| F|  |TAMS 0x0000000082000000, 0x0000000082000000| Untracked 
|  29|0x0000000082100000, 0x0000000082100000, 0x0000000082200000|  0%| F|  |TAMS 0x0000000082100000, 0x0000000082100000| Untracked 
|  30|0x0000000082200000, 0x0000000082200000, 0x0000000082300000|  0%| F|  |TAMS 0x0000000082200000, 0x0000000082200000| Untracked 
|  31|0x0000000082300000, 0x0000000082300000, 0x0000000082400000|  0%| F|  |TAMS 0x0000000082300000, 0x0000000082300000| Untracked 
|  32|0x0000000082400000, 0x0000000082400000, 0x0000000082500000|  0%| F|  |TAMS 0x0000000082400000, 0x0000000082400000| Untracked 
|  33|0x0000000082500000, 0x0000000082500000, 0x0000000082600000|  0%| F|  |TAMS 0x0000000082500000, 0x0000000082500000| Untracked 
|  34|0x0000000082600000, 0x0000000082600000, 0x0000000082700000|  0%| F|  |TAMS 0x0000000082600000, 0x0000000082600000| Untracked 
|  35|0x0000000082700000, 0x0000000082700000, 0x0000000082800000|  0%| F|  |TAMS 0x0000000082700000, 0x0000000082700000| Untracked 
|  36|0x0000000082800000, 0x0000000082800000, 0x0000000082900000|  0%| F|  |TAMS 0x0000000082800000, 0x0000000082800000| Untracked 
|  37|0x0000000082900000, 0x0000000082900000, 0x0000000082a00000|  0%| F|  |TAMS 0x0000000082900000, 0x0000000082900000| Untracked 
|  38|0x0000000082a00000, 0x0000000082a00000, 0x0000000082b00000|  0%| F|  |TAMS 0x0000000082a00000, 0x0000000082a00000| Untracked 
|  39|0x0000000082b00000, 0x0000000082b00000, 0x0000000082c00000|  0%| F|  |TAMS 0x0000000082b00000, 0x0000000082b00000| Untracked 
|  40|0x0000000082c00000, 0x0000000082c00000, 0x0000000082d00000|  0%| F|  |TAMS 0x0000000082c00000, 0x0000000082c00000| Untracked 
|  41|0x0000000082d00000, 0x0000000082d00000, 0x0000000082e00000|  0%| F|  |TAMS 0x0000000082d00000, 0x0000000082d00000| Untracked 
|  42|0x0000000082e00000, 0x0000000082e00000, 0x0000000082f00000|  0%| F|  |TAMS 0x0000000082e00000, 0x0000000082e00000| Untracked 
|  43|0x0000000082f00000, 0x0000000082f00000, 0x0000000083000000|  0%| F|  |TAMS 0x0000000082f00000, 0x0000000082f00000| Untracked 
|  44|0x0000000083000000, 0x0000000083000000, 0x0000000083100000|  0%| F|  |TAMS 0x0000000083000000, 0x0000000083000000| Untracked 
|  45|0x0000000083100000, 0x0000000083100000, 0x0000000083200000|  0%| F|  |TAMS 0x0000000083100000, 0x0000000083100000| Untracked 
|  46|0x0000000083200000, 0x0000000083200000, 0x0000000083300000|  0%| F|  |TAMS 0x0000000083200000, 0x0000000083200000| Untracked 
|  47|0x0000000083300000, 0x0000000083300000, 0x0000000083400000|  0%| F|  |TAMS 0x0000000083300000, 0x0000000083300000| Untracked 
|  48|0x0000000083400000, 0x0000000083400000, 0x0000000083500000|  0%| F|  |TAMS 0x0000000083400000, 0x0000000083400000| Untracked 
|  49|0x0000000083500000, 0x0000000083500000, 0x0000000083600000|  0%| F|  |TAMS 0x0000000083500000, 0x0000000083500000| Untracked 
|  50|0x0000000083600000, 0x0000000083600000, 0x0000000083700000|  0%| F|  |TAMS 0x0000000083600000, 0x0000000083600000| Untracked 
|  51|0x0000000083700000, 0x0000000083700000, 0x0000000083800000|  0%| F|  |TAMS 0x0000000083700000, 0x0000000083700000| Untracked 
|  52|0x0000000083800000, 0x0000000083800000, 0x0000000083900000|  0%| F|  |TAMS 0x0000000083800000, 0x0000000083800000| Untracked 
|  53|0x0000000083900000, 0x0000000083900000, 0x0000000083a00000|  0%| F|  |TAMS 0x0000000083900000, 0x0000000083900000| Untracked 
|  54|0x0000000083a00000, 0x0000000083a00000, 0x0000000083b00000|  0%| F|  |TAMS 0x0000000083a00000, 0x0000000083a00000| Untracked 
|  55|0x0000000083b00000, 0x0000000083b00000, 0x0000000083c00000|  0%| F|  |TAMS 0x0000000083b00000, 0x0000000083b00000| Untracked 
|  56|0x0000000083c00000, 0x0000000083c00000, 0x0000000083d00000|  0%| F|  |TAMS 0x0000000083c00000, 0x0000000083c00000| Untracked 
|  57|0x0000000083d00000, 0x0000000083d00000, 0x0000000083e00000|  0%| F|  |TAMS 0x0000000083d00000, 0x0000000083d00000| Untracked 
|  58|0x0000000083e00000, 0x0000000083e00000, 0x0000000083f00000|  0%| F|  |TAMS 0x0000000083e00000, 0x0000000083e00000| Untracked 
|  59|0x0000000083f00000, 0x0000000083f00000, 0x0000000084000000|  0%| F|  |TAMS 0x0000000083f00000, 0x0000000083f00000| Untracked 
|  60|0x0000000084000000, 0x0000000084000000, 0x0000000084100000|  0%| F|  |TAMS 0x0000000084000000, 0x0000000084000000| Untracked 
|  61|0x0000000084100000, 0x0000000084100000, 0x0000000084200000|  0%| F|  |TAMS 0x0000000084100000, 0x0000000084100000| Untracked 
|  62|0x0000000084200000, 0x0000000084200000, 0x0000000084300000|  0%| F|  |TAMS 0x0000000084200000, 0x0000000084200000| Untracked 
|  63|0x0000000084300000, 0x0000000084300000, 0x0000000084400000|  0%| F|  |TAMS 0x0000000084300000, 0x0000000084300000| Untracked 
|  64|0x0000000084400000, 0x0000000084400000, 0x0000000084500000|  0%| F|  |TAMS 0x0000000084400000, 0x0000000084400000| Untracked 
|  65|0x0000000084500000, 0x0000000084500000, 0x0000000084600000|  0%| F|  |TAMS 0x0000000084500000, 0x0000000084500000| Untracked 
|  66|0x0000000084600000, 0x0000000084600000, 0x0000000084700000|  0%| F|  |TAMS 0x0000000084600000, 0x0000000084600000| Untracked 
|  67|0x0000000084700000, 0x0000000084700000, 0x0000000084800000|  0%| F|  |TAMS 0x0000000084700000, 0x0000000084700000| Untracked 
|  68|0x0000000084800000, 0x0000000084800000, 0x0000000084900000|  0%| F|  |TAMS 0x0000000084800000, 0x0000000084800000| Untracked 
|  69|0x0000000084900000, 0x0000000084900000, 0x0000000084a00000|  0%| F|  |TAMS 0x0000000084900000, 0x0000000084900000| Untracked 
|  70|0x0000000084a00000, 0x0000000084a00000, 0x0000000084b00000|  0%| F|  |TAMS 0x0000000084a00000, 0x0000000084a00000| Untracked 
|  71|0x0000000084b00000, 0x0000000084b00000, 0x0000000084c00000|  0%| F|  |TAMS 0x0000000084b00000, 0x0000000084b00000| Untracked 
|  72|0x0000000084c00000, 0x0000000084c00000, 0x0000000084d00000|  0%| F|  |TAMS 0x0000000084c00000, 0x0000000084c00000| Untracked 
|  73|0x0000000084d00000, 0x0000000084d00000, 0x0000000084e00000|  0%| F|  |TAMS 0x0000000084d00000, 0x0000000084d00000| Untracked 
|  74|0x0000000084e00000, 0x0000000084e00000, 0x0000000084f00000|  0%| F|  |TAMS 0x0000000084e00000, 0x0000000084e00000| Untracked 
|  75|0x0000000084f00000, 0x0000000084f00000, 0x0000000085000000|  0%| F|  |TAMS 0x0000000084f00000, 0x0000000084f00000| Untracked 
|  76|0x0000000085000000, 0x0000000085000000, 0x0000000085100000|  0%| F|  |TAMS 0x0000000085000000, 0x0000000085000000| Untracked 
|  77|0x0000000085100000, 0x0000000085100000, 0x0000000085200000|  0%| F|  |TAMS 0x0000000085100000, 0x0000000085100000| Untracked 
|  78|0x0000000085200000, 0x0000000085200000, 0x0000000085300000|  0%| F|  |TAMS 0x0000000085200000, 0x0000000085200000| Untracked 
|  79|0x0000000085300000, 0x0000000085300000, 0x0000000085400000|  0%| F|  |TAMS 0x0000000085300000, 0x0000000085300000| Untracked 
|  80|0x0000000085400000, 0x0000000085400000, 0x0000000085500000|  0%| F|  |TAMS 0x0000000085400000, 0x0000000085400000| Untracked 
|  81|0x0000000085500000, 0x0000000085500000, 0x0000000085600000|  0%| F|  |TAMS 0x0000000085500000, 0x0000000085500000| Untracked 
|  82|0x0000000085600000, 0x0000000085600000, 0x0000000085700000|  0%| F|  |TAMS 0x0000000085600000, 0x0000000085600000| Untracked 
|  83|0x0000000085700000, 0x0000000085700000, 0x0000000085800000|  0%| F|  |TAMS 0x0000000085700000, 0x0000000085700000| Untracked 
|  84|0x0000000085800000, 0x0000000085800000, 0x0000000085900000|  0%| F|  |TAMS 0x0000000085800000, 0x0000000085800000| Untracked 
|  85|0x0000000085900000, 0x0000000085900000, 0x0000000085a00000|  0%| F|  |TAMS 0x0000000085900000, 0x0000000085900000| Untracked 
|  86|0x0000000085a00000, 0x0000000085a00000, 0x0000000085b00000|  0%| F|  |TAMS 0x0000000085a00000, 0x0000000085a00000| Untracked 
|  87|0x0000000085b00000, 0x0000000085b00000, 0x0000000085c00000|  0%| F|  |TAMS 0x0000000085b00000, 0x0000000085b00000| Untracked 
|  88|0x0000000085c00000, 0x0000000085c00000, 0x0000000085d00000|  0%| F|  |TAMS 0x0000000085c00000, 0x0000000085c00000| Untracked 
|  89|0x0000000085d00000, 0x0000000085d00000, 0x0000000085e00000|  0%| F|  |TAMS 0x0000000085d00000, 0x0000000085d00000| Untracked 
|  90|0x0000000085e00000, 0x0000000085e00000, 0x0000000085f00000|  0%| F|  |TAMS 0x0000000085e00000, 0x0000000085e00000| Untracked 
|  91|0x0000000085f00000, 0x0000000085f00000, 0x0000000086000000|  0%| F|  |TAMS 0x0000000085f00000, 0x0000000085f00000| Untracked 
|  92|0x0000000086000000, 0x0000000086000000, 0x0000000086100000|  0%| F|  |TAMS 0x0000000086000000, 0x0000000086000000| Untracked 
|  93|0x0000000086100000, 0x0000000086100000, 0x0000000086200000|  0%| F|  |TAMS 0x0000000086100000, 0x0000000086100000| Untracked 
|  94|0x0000000086200000, 0x0000000086200000, 0x0000000086300000|  0%| F|  |TAMS 0x0000000086200000, 0x0000000086200000| Untracked 
|  95|0x0000000086300000, 0x0000000086300000, 0x0000000086400000|  0%| F|  |TAMS 0x0000000086300000, 0x0000000086300000| Untracked 
|  96|0x0000000086400000, 0x0000000086400000, 0x0000000086500000|  0%| F|  |TAMS 0x0000000086400000, 0x0000000086400000| Untracked 
|  97|0x0000000086500000, 0x0000000086500000, 0x0000000086600000|  0%| F|  |TAMS 0x0000000086500000, 0x0000000086500000| Untracked 
|  98|0x0000000086600000, 0x0000000086600000, 0x0000000086700000|  0%| F|  |TAMS 0x0000000086600000, 0x0000000086600000| Untracked 
|  99|0x0000000086700000, 0x0000000086700000, 0x0000000086800000|  0%| F|  |TAMS 0x0000000086700000, 0x0000000086700000| Untracked 
| 100|0x0000000086800000, 0x0000000086800000, 0x0000000086900000|  0%| F|  |TAMS 0x0000000086800000, 0x0000000086800000| Untracked 
| 101|0x0000000086900000, 0x0000000086900000, 0x0000000086a00000|  0%| F|  |TAMS 0x0000000086900000, 0x0000000086900000| Untracked 
| 102|0x0000000086a00000, 0x0000000086a00000, 0x0000000086b00000|  0%| F|  |TAMS 0x0000000086a00000, 0x0000000086a00000| Untracked 
| 103|0x0000000086b00000, 0x0000000086b00000, 0x0000000086c00000|  0%| F|  |TAMS 0x0000000086b00000, 0x0000000086b00000| Untracked 
| 104|0x0000000086c00000, 0x0000000086c00000, 0x0000000086d00000|  0%| F|  |TAMS 0x0000000086c00000, 0x0000000086c00000| Untracked 
| 105|0x0000000086d00000, 0x0000000086d00000, 0x0000000086e00000|  0%| F|  |TAMS 0x0000000086d00000, 0x0000000086d00000| Untracked 
| 106|0x0000000086e00000, 0x0000000086e00000, 0x0000000086f00000|  0%| F|  |TAMS 0x0000000086e00000, 0x0000000086e00000| Untracked 
| 107|0x0000000086f00000, 0x0000000086f00000, 0x0000000087000000|  0%| F|  |TAMS 0x0000000086f00000, 0x0000000086f00000| Untracked 
| 108|0x0000000087000000, 0x0000000087000000, 0x0000000087100000|  0%| F|  |TAMS 0x0000000087000000, 0x0000000087000000| Untracked 
| 109|0x0000000087100000, 0x0000000087100000, 0x0000000087200000|  0%| F|  |TAMS 0x0000000087100000, 0x0000000087100000| Untracked 
| 110|0x0000000087200000, 0x0000000087200000, 0x0000000087300000|  0%| F|  |TAMS 0x0000000087200000, 0x0000000087200000| Untracked 
| 111|0x0000000087300000, 0x0000000087300000, 0x0000000087400000|  0%| F|  |TAMS 0x0000000087300000, 0x0000000087300000| Untracked 
| 112|0x0000000087400000, 0x0000000087400000, 0x0000000087500000|  0%| F|  |TAMS 0x0000000087400000, 0x0000000087400000| Untracked 
| 113|0x0000000087500000, 0x0000000087500000, 0x0000000087600000|  0%| F|  |TAMS 0x0000000087500000, 0x0000000087500000| Untracked 
| 114|0x0000000087600000, 0x0000000087600000, 0x0000000087700000|  0%| F|  |TAMS 0x0000000087600000, 0x0000000087600000| Untracked 
| 115|0x0000000087700000, 0x0000000087700000, 0x0000000087800000|  0%| F|  |TAMS 0x0000000087700000, 0x0000000087700000| Untracked 
| 116|0x0000000087800000, 0x0000000087800000, 0x0000000087900000|  0%| F|  |TAMS 0x0000000087800000, 0x0000000087800000| Untracked 
| 117|0x0000000087900000, 0x0000000087900000, 0x0000000087a00000|  0%| F|  |TAMS 0x0000000087900000, 0x0000000087900000| Untracked 
| 118|0x0000000087a00000, 0x0000000087a46a40, 0x0000000087b00000| 27%| S|CS|TAMS 0x0000000087a00000, 0x0000000087a00000| Complete 
| 119|0x0000000087b00000, 0x0000000087c00000, 0x0000000087c00000|100%| S|CS|TAMS 0x0000000087b00000, 0x0000000087b00000| Complete 
| 120|0x0000000087c00000, 0x0000000087d00000, 0x0000000087d00000|100%| S|CS|TAMS 0x0000000087c00000, 0x0000000087c00000| Complete 
| 121|0x0000000087d00000, 0x0000000087e00000, 0x0000000087e00000|100%| S|CS|TAMS 0x0000000087d00000, 0x0000000087d00000| Complete 
| 122|0x0000000087e00000, 0x0000000087e00000, 0x0000000087f00000|  0%| F|  |TAMS 0x0000000087e00000, 0x0000000087e00000| Untracked 
| 123|0x0000000087f00000, 0x0000000087f00000, 0x0000000088000000|  0%| F|  |TAMS 0x0000000087f00000, 0x0000000087f00000| Untracked 
| 124|0x0000000088000000, 0x0000000088000000, 0x0000000088100000|  0%| F|  |TAMS 0x0000000088000000, 0x0000000088000000| Untracked 
| 125|0x0000000088100000, 0x0000000088100000, 0x0000000088200000|  0%| F|  |TAMS 0x0000000088100000, 0x0000000088100000| Untracked 
| 126|0x0000000088200000, 0x0000000088200000, 0x0000000088300000|  0%| F|  |TAMS 0x0000000088200000, 0x0000000088200000| Untracked 
| 127|0x0000000088300000, 0x0000000088380000, 0x0000000088400000| 50%| E|  |TAMS 0x0000000088300000, 0x0000000088300000| Complete 

Card table byte_map: [0x000000fed2db0000,0x000000fed31b0000] _byte_map_base: 0x000000fed29ae000

Marking Bits (Prev, Next): (CMBitMap*) 0x000000febb16c038, (CMBitMap*) 0x000000febb16c078
 Prev Bits: [0x000000fed35b0000, 0x000000fed55a0000)
 Next Bits: [0x000000fed55a0000, 0x000000fed7590000)

Polling page: 0x000000feb9070000

Metaspace:

Usage:
  Non-class:     15.56 MB capacity,    15.21 MB ( 98%) used,   301.69 KB (  2%) free+waste,    59.13 KB ( <1%) overhead. 
      Class:      2.24 MB capacity,     2.04 MB ( 91%) used,   175.20 KB (  8%) free+waste,    29.94 KB (  1%) overhead. 
       Both:     17.80 MB capacity,    17.25 MB ( 97%) used,   476.89 KB (  3%) free+waste,    89.06 KB ( <1%) overhead. 

Virtual space:
  Non-class space:       22.00 MB reserved,      15.75 MB ( 72%) committed 
      Class space:        1.00 GB reserved,       2.25 MB ( <1%) committed 
             Both:        1.02 GB reserved,      18.00 MB (  2%) committed 

Chunk freelists:
   Non-Class:  2.00 KB
       Class:  6.00 KB
        Both:  8.00 KB

MaxMetaspaceSize: 17179869184.00 GB
CompressedClassSpaceSize: 1.00 GB

CodeHeap 'non-profiled nmethods': size=120000Kb used=720Kb max_used=720Kb free=119279Kb
 bounds [0x000000fecb370000, 0x000000fecb5e0000, 0x000000fed28a0000]
CodeHeap 'profiled nmethods': size=120000Kb used=3922Kb max_used=3922Kb free=116077Kb
 bounds [0x000000fec3e40000, 0x000000fec4220000, 0x000000fecb370000]
CodeHeap 'non-nmethods': size=5760Kb used=1300Kb max_used=1304Kb free=4459Kb
 bounds [0x000000fec38a0000, 0x000000fec3b10000, 0x000000fec3e40000]
 total_blobs=3282 nmethods=1983 adapters=499
 compilation: enabled
              stopped_count=0, restarted_count=0
 full_count=0

Compilation events (20 events):
Event: 21.437 Thread 0x000000fedb2f0800 1968       3       sun.invoke.util.Wrapper::isSubwordOrInt (20 bytes)
Event: 21.437 Thread 0x000000fedb2f0800 nmethod 1968 0x000000fec420db10 code [0x000000fec420dcc0, 0x000000fec420e0f8]
Event: 21.437 Thread 0x000000fedb2f0800 1975       3       java.lang.invoke.LambdaForm$Name::replaceNames (174 bytes)
Event: 21.438 Thread 0x000000fedb2f0800 nmethod 1975 0x000000fec420e210 code [0x000000fec420e440, 0x000000fec420f098]
Event: 21.438 Thread 0x000000fedb2f0800 1965       3       java.lang.invoke.LambdaFormEditor$Transform::of (49 bytes)
Event: 21.438 Thread 0x000000fedb2f0800 nmethod 1965 0x000000fec420f410 code [0x000000fec420f660, 0x000000fec420ff78]
Event: 21.441 Thread 0x000000fedb2f0800 1976   !   3       java.util.logging.LogManager::ensureLogManagerInitialized (144 bytes)
Event: 21.442 Thread 0x000000fedb2f0800 nmethod 1976 0x000000fec4210310 code [0x000000fec4210600, 0x000000fec42119c8]
Event: 21.453 Thread 0x000000fedb2f0800 1977       3       java.io.OutputStream::write (34 bytes)
Event: 21.454 Thread 0x000000fedb2f0800 nmethod 1977 0x000000fec4211f90 code [0x000000fec4212160, 0x000000fec42125f8]
Event: 21.457 Thread 0x000000fedb2f0800 1978       3       java.lang.System::getProperty (25 bytes)
Event: 21.457 Thread 0x000000fedb2f0800 nmethod 1978 0x000000fec4212810 code [0x000000fec4212a60, 0x000000fec4213348]
Event: 21.466 Thread 0x000000fedb2f0800 1979       3       java.lang.invoke.BoundMethodHandle::bindArgumentL (11 bytes)
Event: 21.467 Thread 0x000000fedb2f0800 nmethod 1979 0x000000fec4213690 code [0x000000fec4213880, 0x000000fec4213db8]
Event: 21.467 Thread 0x000000fedb2f0800 1980       3       java.lang.invoke.LambdaFormEditor::bindArgumentL (59 bytes)
Event: 21.467 Thread 0x000000fedb2f0800 nmethod 1980 0x000000fec4214010 code [0x000000fec42141e0, 0x000000fec42144a8]
Event: 21.472 Thread 0x000000feda0e1800 1981       4       java.lang.invoke.MethodType::hashCode (53 bytes)
Event: 21.473 Thread 0x000000fedb2f0800 1982       3       java.lang.invoke.InfoFromMemberName::getDeclaringClass (8 bytes)
Event: 21.473 Thread 0x000000fedb2f0800 nmethod 1982 0x000000fec4214610 code [0x000000fec42147a0, 0x000000fec42148d8]
Event: 21.475 Thread 0x000000feda0e1800 nmethod 1981 0x000000fecb423c10 code [0x000000fecb423de0, 0x000000fecb423ff8]

GC Heap History (6 events):
Event: 1.091 GC heap before
{Heap before GC invocations=0 (full 0):
 garbage-first heap   total 131072K, used 21504K [0x0000000080400000, 0x0000000100000000)
  region size 1024K, 21 young (21504K), 0 survivors (0K)
 Metaspace       used 7850K, capacity 8104K, committed 8192K, reserved 1056768K
  class space    used 891K, capacity 1002K, committed 1024K, reserved 1048576K
}
Event: 1.103 GC heap after
{Heap after GC invocations=1 (full 0):
 garbage-first heap   total 131072K, used 7000K [0x0000000080400000, 0x0000000100000000)
  region size 1024K, 3 young (3072K), 3 survivors (3072K)
 Metaspace       used 7850K, capacity 8104K, committed 8192K, reserved 1056768K
  class space    used 891K, capacity 1002K, committed 1024K, reserved 1048576K
}
Event: 2.210 GC heap before
{Heap before GC invocations=1 (full 0):
 garbage-first heap   total 131072K, used 29528K [0x0000000080400000, 0x0000000100000000)
  region size 1024K, 26 young (26624K), 3 survivors (3072K)
 Metaspace       used 14533K, capacity 15116K, committed 15360K, reserved 1062912K
  class space    used 1754K, capacity 1961K, committed 2048K, reserved 1048576K
}
Event: 2.221 GC heap after
{Heap after GC invocations=2 (full 0):
 garbage-first heap   total 131072K, used 9645K [0x0000000080400000, 0x0000000100000000)
  region size 1024K, 3 young (3072K), 3 survivors (3072K)
 Metaspace       used 14533K, capacity 15116K, committed 15360K, reserved 1062912K
  class space    used 1754K, capacity 1961K, committed 2048K, reserved 1048576K
}
Event: 21.638 GC heap before
{Heap before GC invocations=2 (full 0):
 garbage-first heap   total 131072K, used 22957K [0x0000000080400000, 0x0000000100000000)
  region size 1024K, 9 young (9216K), 3 survivors (3072K)
 Metaspace       used 17615K, capacity 18168K, committed 18176K, reserved 1071104K
  class space    used 2088K, capacity 2298K, committed 2304K, reserved 1048576K
}
Event: 21.643 GC heap after
{Heap after GC invocations=3 (full 0):
 garbage-first heap   total 131072K, used 18591K [0x0000000080400000, 0x0000000100000000)
  region size 1024K, 4 young (4096K), 4 survivors (4096K)
 Metaspace       used 17615K, capacity 18168K, committed 18176K, reserved 1071104K
  class space    used 2088K, capacity 2298K, committed 2304K, reserved 1048576K
}

Deoptimization events (20 events):
Event: 2.228 Thread 0x000000febb127800 Uncommon trap: trap_request=0xffffff45 fr.pc=0x000000fecb3ddfb4 relative=0x00000000000000f4
Event: 2.228 Thread 0x000000febb127800 Uncommon trap: reason=unstable_if action=reinterpret pc=0x000000fecb3ddfb4 method=java.lang.CharacterDataLatin1.digit(II)I @ 12 c2
Event: 2.228 Thread 0x000000febb127800 DEOPT PACKING pc=0x000000fecb3ddfb4 sp=0x000000feba8cc2b0
Event: 2.228 Thread 0x000000febb127800 DEOPT UNPACKING pc=0x000000fec38e942f sp=0x000000feba8cc228 mode 2
Event: 9.938 Thread 0x000000febb127800 Uncommon trap: trap_request=0xffffffde fr.pc=0x000000fecb4063a8 relative=0x0000000000000588
Event: 9.938 Thread 0x000000febb127800 Uncommon trap: reason=class_check action=maybe_recompile pc=0x000000fecb4063a8 method=org.openqa.selenium.json.Input.init()V @ 18 c2
Event: 9.938 Thread 0x000000febb127800 DEOPT PACKING pc=0x000000fecb4063a8 sp=0x000000feba8cccb0
Event: 9.938 Thread 0x000000febb127800 DEOPT UNPACKING pc=0x000000fec38e942f sp=0x000000feba8ccca8 mode 2
Event: 9.938 Thread 0x000000febb127800 Uncommon trap: trap_request=0xffffffde fr.pc=0x000000fecb4063a8 relative=0x0000000000000588
Event: 9.938 Thread 0x000000febb127800 Uncommon trap: reason=class_check action=maybe_recompile pc=0x000000fecb4063a8 method=org.openqa.selenium.json.Input.init()V @ 18 c2
Event: 9.938 Thread 0x000000febb127800 DEOPT PACKING pc=0x000000fecb4063a8 sp=0x000000feba8cc820
Event: 9.938 Thread 0x000000febb127800 DEOPT UNPACKING pc=0x000000fec38e942f sp=0x000000feba8cc818 mode 2
Event: 9.938 Thread 0x000000febb127800 Uncommon trap: trap_request=0xffffffde fr.pc=0x000000fecb4063a8 relative=0x0000000000000588
Event: 9.938 Thread 0x000000febb127800 Uncommon trap: reason=class_check action=maybe_recompile pc=0x000000fecb4063a8 method=org.openqa.selenium.json.Input.init()V @ 18 c2
Event: 9.938 Thread 0x000000febb127800 DEOPT PACKING pc=0x000000fecb4063a8 sp=0x000000feba8cc260
Event: 9.938 Thread 0x000000febb127800 DEOPT UNPACKING pc=0x000000fec38e942f sp=0x000000feba8cc258 mode 2
Event: 9.938 Thread 0x000000febb127800 Uncommon trap: trap_request=0xffffffde fr.pc=0x000000fecb4063a8 relative=0x0000000000000588
Event: 9.938 Thread 0x000000febb127800 Uncommon trap: reason=class_check action=maybe_recompile pc=0x000000fecb4063a8 method=org.openqa.selenium.json.Input.init()V @ 18 c2
Event: 9.938 Thread 0x000000febb127800 DEOPT PACKING pc=0x000000fecb4063a8 sp=0x000000feba8cc260
Event: 9.938 Thread 0x000000febb127800 DEOPT UNPACKING pc=0x000000fec38e942f sp=0x000000feba8cc258 mode 2

Classes unloaded (0 events):
No events

Classes redefined (0 events):
No events

Internal exceptions (20 events):
Event: 1.185 Thread 0x000000febb127800 Exception <a 'java/net/SocketException'{0x0000000088006e78}: Socket is not connected: shutdown> (0x0000000088006e78) 
thrown [t:/workspace/open/src/hotspot/share/prims/jni.cpp, line 620]
Event: 1.361 Thread 0x000000febb127800 Exception <a 'sun/nio/fs/WindowsException'{0x0000000087b9e710}> (0x0000000087b9e710) 
thrown [t:/workspace/open/src/hotspot/share/prims/jni.cpp, line 599]
Event: 1.362 Thread 0x000000febb127800 Exception <a 'java/lang/NoSuchMethodError'{0x0000000087b9fff8}: 'int java.lang.invoke.DirectMethodHandle$Holder.invokeSpecialIFC(java.lang.Object, java.lang.Object, int)'> (0x0000000087b9fff8) 
thrown [t:/workspace/open/src/hotspot/share/interpreter/linkResolver.cpp, line 766]
Event: 1.483 Thread 0x000000febb127800 Exception <a 'java/lang/NoSuchMethodError'{0x0000000087772d70}: 'void java.lang.invoke.DirectMethodHandle$Holder.invokeSpecial(java.lang.Object, java.lang.Object, java.lang.Object, java.lang.Object)'> (0x0000000087772d70) 
thrown [t:/workspace/open/src/hotspot/share/interpreter/linkResolver.cpp, line 766]
Event: 1.521 Thread 0x000000fedb3e5000 Exception <a 'java/lang/NoSuchMethodError'{0x00000000876fe980}: 'void java.lang.invoke.DirectMethodHandle$Holder.invokeStatic(java.lang.Object, long)'> (0x00000000876fe980) 
thrown [t:/workspace/open/src/hotspot/share/interpreter/linkResolver.cpp, line 766]
Event: 1.523 Thread 0x000000fedb3e5000 Exception <a 'java/lang/NoSuchMethodError'{0x00000000875090c0}: 'java.lang.Object java.lang.invoke.DirectMethodHandle$Holder.invokeStaticInit(java.lang.Object, java.lang.Object, long, java.lang.Object)'> (0x00000000875090c0) 
thrown [t:/workspace/open/src/hotspot/share/interpreter/linkResolver.cpp, line 766]
Event: 1.523 Thread 0x000000fedb3e5000 Exception <a 'java/lang/NoSuchMethodError'{0x000000008750e6c0}: 'java.lang.Object java.lang.invoke.Invokers$Holder.linkToTargetMethod(java.lang.Object, long, java.lang.Object)'> (0x000000008750e6c0) 
thrown [t:/workspace/open/src/hotspot/share/interpreter/linkResolver.cpp, line 766]
Event: 2.019 Thread 0x000000febb127800 Exception <a 'java/lang/NoSuchMethodError'{0x0000000087596080}: 'double java.lang.invoke.DirectMethodHandle$Holder.invokeVirtual(java.lang.Object, java.lang.Object)'> (0x0000000087596080) 
thrown [t:/workspace/open/src/hotspot/share/interpreter/linkResolver.cpp, line 766]
Event: 2.020 Thread 0x000000febb127800 Exception <a 'java/lang/NoSuchMethodError'{0x000000008759b840}: 'float java.lang.invoke.DirectMethodHandle$Holder.invokeVirtual(java.lang.Object, java.lang.Object)'> (0x000000008759b840) 
thrown [t:/workspace/open/src/hotspot/share/interpreter/linkResolver.cpp, line 766]
Event: 2.021 Thread 0x000000febb127800 Exception <a 'java/lang/NoSuchMethodError'{0x00000000875a5f68}: 'long java.lang.invoke.DirectMethodHandle$Holder.invokeVirtual(java.lang.Object, java.lang.Object)'> (0x00000000875a5f68) 
thrown [t:/workspace/open/src/hotspot/share/interpreter/linkResolver.cpp, line 766]
Event: 2.025 Thread 0x000000febb127800 Exception <a 'java/lang/NoSuchMethodError'{0x00000000875c31c8}: 'java.lang.Object java.lang.invoke.DirectMethodHandle$Holder.invokeVirtual(java.lang.Object, java.lang.Object, java.lang.Object)'> (0x00000000875c31c8) 
thrown [t:/workspace/open/src/hotspot/share/interpreter/linkResolver.cpp, line 766]
Event: 2.051 Thread 0x000000febb127800 Exception <a 'java/lang/NoSuchMethodError'{0x00000000874d1960}: 'void java.lang.invoke.DirectMethodHandle$Holder.invokeSpecial(java.lang.Object, java.lang.Object, java.lang.Object, java.lang.Object, java.lang.Object)'> (0x00000000874d1960) 
thrown [t:/workspace/open/src/hotspot/share/interpreter/linkResolver.cpp, line 766]
Event: 2.061 Thread 0x000000febb127800 Exception <a 'java/lang/NoSuchMethodError'{0x0000000087344a30}: 'java.lang.Object java.lang.invoke.DirectMethodHandle$Holder.invokeInterface(java.lang.Object, java.lang.Object, java.lang.Object)'> (0x0000000087344a30) 
thrown [t:/workspace/open/src/hotspot/share/interpreter/linkResolver.cpp, line 766]
Event: 2.061 Thread 0x000000febb127800 Exception <a 'java/lang/IncompatibleClassChangeError'{0x0000000087347690}: Found class java.lang.Object, but interface was expected> (0x0000000087347690) 
thrown [t:/workspace/open/src/hotspot/share/interpreter/linkResolver.cpp, line 832]
Event: 2.062 Thread 0x000000febb127800 Exception <a 'java/lang/NoSuchMethodError'{0x000000008734f590}: 'int java.lang.invoke.DirectMethodHandle$Holder.invokeSpecialIFC(java.lang.Object, java.lang.Object, java.lang.Object, java.lang.Object)'> (0x000000008734f590) 
thrown [t:/workspace/open/src/hotspot/share/interpreter/linkResolver.cpp, line 766]
Event: 9.962 Thread 0x000000febb127800 Exception <a 'java/lang/ClassNotFoundException'{0x000000008819b638}: sun/util/logging/resources/spi/loggingProvider> (0x000000008819b638) 
thrown [t:/workspace/open/src/hotspot/share/classfile/systemDictionary.cpp, line 226]
Event: 21.411 Thread 0x000000febb127800 Exception <a 'java/lang/ClassNotFoundException'{0x0000000087fe9060}: sun/awt/resources/spi/awtProvider> (0x0000000087fe9060) 
thrown [t:/workspace/open/src/hotspot/share/classfile/systemDictionary.cpp, line 226]
Event: 21.417 Thread 0x000000febb127800 Exception <a 'java/io/FileNotFoundException'{0x0000000087fec568}> (0x0000000087fec568) 
thrown [t:/workspace/open/src/hotspot/share/prims/jni.cpp, line 599]
Event: 21.417 Thread 0x000000febb127800 Exception <a 'java/io/FileNotFoundException'{0x0000000087fee428}> (0x0000000087fee428) 
thrown [t:/workspace/open/src/hotspot/share/prims/jni.cpp, line 599]
Event: 21.472 Thread 0x000000fedb4a7000 Exception <a 'java/lang/NoSuchMethodError'{0x0000000087e854f8}: 'void java.lang.invoke.DirectMethodHandle$Holder.invokeSpecial(java.lang.Object, java.lang.Object)'> (0x0000000087e854f8) 
thrown [t:/workspace/open/src/hotspot/share/interpreter/linkResolver.cpp, line 766]

Events (20 events):
Event: 21.632 loading class java/awt/image/WritableRaster done
Event: 21.632 loading class sun/awt/image/SunWritableRaster done
Event: 21.637 loading class java/awt/image/SinglePixelPackedSampleModel
Event: 21.638 loading class java/awt/image/SampleModel
Event: 21.638 Executing VM operation: CollectForMetadataAllocation
Event: 21.643 Executing VM operation: CollectForMetadataAllocation done
Event: 21.644 loading class java/awt/image/SampleModel done
Event: 21.644 Executing VM operation: HandshakeOneThread
Event: 21.644 loading class java/awt/image/SinglePixelPackedSampleModel done
Event: 21.644 Executing VM operation: HandshakeOneThread done
Event: 21.644 Executing VM operation: HandshakeOneThread
Event: 21.644 Executing VM operation: HandshakeOneThread done
Event: 21.644 loading class sun/awt/image/IntegerInterleavedRaster
Event: 21.645 loading class sun/awt/image/IntegerComponentRaster
Event: 21.645 loading class sun/awt/image/IntegerComponentRaster done
Event: 21.645 loading class sun/awt/image/IntegerInterleavedRaster done
Event: 21.645 loading class sun/awt/image/NativeLibLoader
Event: 21.645 loading class sun/awt/image/NativeLibLoader done
Event: 21.645 loading class sun/awt/image/NativeLibLoader$1
Event: 21.645 Executing VM operation: CollectForMetadataAllocation


Dynamic libraries:
0x00007ff7c33d0000 - 0x00007ff7c33df000 	C:\Program Files\Java\jdk-14\bin\java.exe
0x00007ffcd6580000 - 0x00007ffcd672d000 	C:\Windows\SYSTEM32\ntdll.dll
0x00007ffcd5bb0000 - 0x00007ffcd5cef000 	C:\Windows\system32\KERNEL32.DLL
0x00007ffcd37b0000 - 0x00007ffcd38c5000 	C:\Windows\system32\KERNELBASE.dll
0x00007ffca6730000 - 0x00007ffca6748000 	C:\Program Files\Java\jdk-14\bin\jli.dll
0x00007ffca6710000 - 0x00007ffca6725000 	C:\Program Files\Java\jdk-14\bin\VCRUNTIME140.dll
0x00007ffcb1350000 - 0x00007ffcb1354000 	C:\Program Files\Java\jdk-14\bin\api-ms-win-crt-stdio-l1-1-0.dll
0x00007ffcac5a0000 - 0x00007ffcac5a4000 	C:\Program Files\Java\jdk-14\bin\api-ms-win-crt-runtime-l1-1-0.dll
0x00007ffcabb60000 - 0x00007ffcabb63000 	C:\Program Files\Java\jdk-14\bin\api-ms-win-crt-environment-l1-1-0.dll
0x00007ffcab6e0000 - 0x00007ffcab6e5000 	C:\Program Files\Java\jdk-14\bin\api-ms-win-crt-math-l1-1-0.dll
0x00007ffcab040000 - 0x00007ffcab043000 	C:\Program Files\Java\jdk-14\bin\api-ms-win-crt-locale-l1-1-0.dll
0x00007ffca71e0000 - 0x00007ffca71e3000 	C:\Program Files\Java\jdk-14\bin\api-ms-win-crt-heap-l1-1-0.dll
0x00007ffcd5cf0000 - 0x00007ffcd5d9a000 	C:\Windows\system32\ADVAPI32.dll
0x00007ffcd15f0000 - 0x00007ffcd186b000 	C:\Windows\WinSxS\amd64_microsoft.windows.common-controls_6595b64144ccf1df_6.0.9600.19394_none_62486577ecb635cf\COMCTL32.dll
0x00007ffcd5fc0000 - 0x00007ffcd6137000 	C:\Windows\system32\USER32.dll
0x00007ffcd1060000 - 0x00007ffcd106a000 	C:\Windows\SYSTEM32\VERSION.dll
0x00007ffca7000000 - 0x00007ffca7003000 	C:\Program Files\Java\jdk-14\bin\api-ms-win-crt-filesystem-l1-1-0.dll
0x00007ffca6700000 - 0x00007ffca6704000 	C:\Program Files\Java\jdk-14\bin\api-ms-win-crt-string-l1-1-0.dll
0x00007ffca66f0000 - 0x00007ffca66f4000 	C:\Program Files\Java\jdk-14\bin\api-ms-win-crt-convert-l1-1-0.dll
0x00007ffcd5920000 - 0x00007ffcd59ca000 	C:\Windows\system32\msvcrt.dll
0x00007ffcd5e00000 - 0x00007ffcd5e59000 	C:\Windows\SYSTEM32\sechost.dll
0x00007ffcd5e80000 - 0x00007ffcd5fc0000 	C:\Windows\system32\RPCRT4.dll
0x00007ffcd6200000 - 0x00007ffcd634c000 	C:\Windows\system32\GDI32.dll
0x00007ffca65f0000 - 0x00007ffca66ec000 	C:\Program Files\Java\jdk-14\bin\ucrtbase.DLL
0x00007ffcd3780000 - 0x00007ffcd37ae000 	C:\Windows\system32\SspiCli.dll
0x00007ffcd3c30000 - 0x00007ffcd3c66000 	C:\Windows\system32\IMM32.DLL
0x00007ffcd6350000 - 0x00007ffcd64a2000 	C:\Windows\system32\MSCTF.dll
0x00007ffca6550000 - 0x00007ffca65eb000 	C:\Program Files\Java\jdk-14\bin\msvcp140.dll
0x00007ffca6540000 - 0x00007ffca6543000 	C:\Program Files\Java\jdk-14\bin\api-ms-win-crt-time-l1-1-0.dll
0x00007ffca6530000 - 0x00007ffca6533000 	C:\Program Files\Java\jdk-14\bin\api-ms-win-crt-utility-l1-1-0.dll
0x00007ffc9b140000 - 0x00007ffc9bc5f000 	C:\Program Files\Java\jdk-14\bin\server\jvm.dll
0x00007ffccde00000 - 0x00007ffccde09000 	C:\Windows\SYSTEM32\WSOCK32.dll
0x00007ffcd1030000 - 0x00007ffcd1052000 	C:\Windows\SYSTEM32\WINMM.dll
0x00007ffcd5e70000 - 0x00007ffcd5e77000 	C:\Windows\system32\PSAPI.DLL
0x00007ffcd5da0000 - 0x00007ffcd5dfa000 	C:\Windows\system32\WS2_32.dll
0x00007ffcd1000000 - 0x00007ffcd102a000 	C:\Windows\SYSTEM32\WINMMBASE.dll
0x00007ffcd6570000 - 0x00007ffcd6579000 	C:\Windows\system32\NSI.dll
0x00007ffcd3bc0000 - 0x00007ffcd3c0f000 	C:\Windows\SYSTEM32\cfgmgr32.dll
0x00007ffcd24d0000 - 0x00007ffcd24f8000 	C:\Windows\SYSTEM32\DEVOBJ.dll
0x00007ffca6520000 - 0x00007ffca652a000 	C:\Program Files\Java\jdk-14\bin\jimage.dll
0x00007ffcba9d0000 - 0x00007ffcbab59000 	C:\Windows\SYSTEM32\DBGHELP.DLL
0x00007ffccb240000 - 0x00007ffccb24e000 	C:\Program Files\Java\jdk-14\bin\instrument.dll
0x00007ffca53e0000 - 0x00007ffca5405000 	C:\Program Files\Java\jdk-14\bin\java.dll
0x00007ffca6500000 - 0x00007ffca6517000 	C:\Program Files\Java\jdk-14\bin\zip.dll
0x00007ffcd3e40000 - 0x00007ffcd536b000 	C:\Windows\system32\SHELL32.dll
0x00007ffcd5370000 - 0x00007ffcd5580000 	C:\Windows\SYSTEM32\combase.dll
0x00007ffcd64b0000 - 0x00007ffcd6504000 	C:\Windows\system32\SHLWAPI.dll
0x00007ffcd1bf0000 - 0x00007ffcd1ca2000 	C:\Windows\SYSTEM32\SHCORE.dll
0x00007ffcd3670000 - 0x00007ffcd3685000 	C:\Windows\SYSTEM32\profapi.dll
0x00007ffca53b0000 - 0x00007ffca53c9000 	C:\Program Files\Java\jdk-14\bin\net.dll
0x00007ffccaf30000 - 0x00007ffccaff9000 	C:\Windows\SYSTEM32\WINHTTP.dll
0x00007ffcd2f40000 - 0x00007ffcd2f99000 	C:\Windows\system32\mswsock.dll
0x00007ffca4f50000 - 0x00007ffca4f62000 	C:\Program Files\Java\jdk-14\bin\nio.dll
0x00007ffca53a0000 - 0x00007ffca53b0000 	C:\Program Files\Java\jdk-14\bin\verify.dll
0x00007ffcb4040000 - 0x00007ffcb405a000 	C:\Program Files\JetBrains\IntelliJ IDEA Community Edition 2019.3.4\bin\breakgen64.dll
0x00007ffcd2fa0000 - 0x00007ffcd2fc0000 	C:\Windows\SYSTEM32\CRYPTSP.dll
0x00007ffcd2bc0000 - 0x00007ffcd2bf6000 	C:\Windows\system32\rsaenh.dll
0x00007ffcd3260000 - 0x00007ffcd3286000 	C:\Windows\SYSTEM32\bcrypt.dll
0x00007ffcd2cd0000 - 0x00007ffcd2cf1000 	C:\Windows\SYSTEM32\USERENV.dll
0x00007ffcd3560000 - 0x00007ffcd35c3000 	C:\Windows\system32\bcryptprimitives.dll
0x00007ffcd36b0000 - 0x00007ffcd36bb000 	C:\Windows\SYSTEM32\CRYPTBASE.dll
0x00007ffcce9a0000 - 0x00007ffcce9ca000 	C:\Windows\SYSTEM32\IPHLPAPI.DLL
0x00007ffcce970000 - 0x00007ffcce97a000 	C:\Windows\SYSTEM32\WINNSI.DLL
0x00007ffcce820000 - 0x00007ffcce836000 	C:\Windows\SYSTEM32\dhcpcsvc6.DLL
0x00007ffcce800000 - 0x00007ffcce81a000 	C:\Windows\SYSTEM32\dhcpcsvc.DLL
0x00007ffcb9380000 - 0x00007ffcb9395000 	C:\Windows\system32\napinsp.dll
0x00007ffcb9360000 - 0x00007ffcb937a000 	C:\Windows\system32\pnrpnsp.dll
0x00007ffcceff0000 - 0x00007ffccf00b000 	C:\Windows\system32\NLAapi.dll
0x00007ffcd2d40000 - 0x00007ffcd2de4000 	C:\Windows\SYSTEM32\DNSAPI.dll
0x00007ffcb9350000 - 0x00007ffcb935d000 	C:\Windows\System32\winrnr.dll
0x000000005ff70000 - 0x000000005ff96000 	C:\Program Files\Bonjour\mdnsNSP.dll
0x00007ffcd00f0000 - 0x00007ffcd00fa000 	C:\Windows\System32\rasadhlp.dll
0x00007ffcce740000 - 0x00007ffcce7ab000 	C:\Windows\System32\fwpuclnt.dll
0x00007ffcb4010000 - 0x00007ffcb4035000 	C:\Program Files\Java\jdk-14\bin\sunec.dll
0x00007ffcb3e50000 - 0x00007ffcb3e5e000 	C:\Program Files\Java\jdk-14\bin\sunmscapi.dll
0x00007ffcd3980000 - 0x00007ffcd3b5f000 	C:\Windows\system32\CRYPT32.dll
0x00007ffcd3230000 - 0x00007ffcd3255000 	C:\Windows\SYSTEM32\ncrypt.dll
0x00007ffcd3760000 - 0x00007ffcd3771000 	C:\Windows\system32\MSASN1.dll
0x00007ffcd31a0000 - 0x00007ffcd31d7000 	C:\Windows\SYSTEM32\NTASN1.dll
0x00007ffc92970000 - 0x00007ffc92b08000 	C:\Program Files\Java\jdk-14\bin\awt.dll
0x00007ffcd5580000 - 0x00007ffcd5647000 	C:\Windows\system32\OLEAUT32.dll
0x00007ffcd2280000 - 0x00007ffcd230e000 	C:\Windows\system32\apphelp.dll
0x00007ffcd2230000 - 0x00007ffcd2251000 	C:\Windows\system32\DWMAPI.DLL
0x00007ffcd2350000 - 0x00007ffcd2479000 	C:\Windows\system32\uxtheme.dll
0x00007ffca9470000 - 0x00007ffca959b000 	C:\Windows\system32\opengl32.dll
0x00007ffcb2670000 - 0x00007ffcb269e000 	C:\Windows\SYSTEM32\GLU32.dll
0x00007ffca9370000 - 0x00007ffca9468000 	C:\Windows\SYSTEM32\DDRAW.dll
0x00007ffcbca30000 - 0x00007ffcbca39000 	C:\Windows\SYSTEM32\DCIMAN32.dll
0x00007ffcd5650000 - 0x00007ffcd57e4000 	C:\Windows\system32\ole32.dll
0x00007ffcd21f0000 - 0x00007ffcd21fb000 	C:\Windows\SYSTEM32\kernel.appcore.dll
0x00007ffcc7190000 - 0x00007ffcc73b1000 	C:\Windows\system32\d3d9.dll
0x00007ffcd10b0000 - 0x00007ffcd1246000 	C:\Windows\SYSTEM32\aticfx64.dll
0x00007ffcb2cd0000 - 0x00007ffcb2d02000 	C:\Windows\SYSTEM32\atiu9p64.dll
0x00007ffcabc10000 - 0x00007ffcac546000 	C:\Windows\SYSTEM32\atiumd64.dll
0x000000005ed50000 - 0x000000005fb77000 	C:\Windows\SYSTEM32\atiumd6a.dll
0x00007ffcd31e0000 - 0x00007ffcd3226000 	C:\Windows\SYSTEM32\POWRPROF.dll

dbghelp: loaded successfully - version: 4.0.5 - missing functions: none
symbol engine: initialized successfully - sym options: 0x614 - pdb path: .;C:\Program Files\Java\jdk-14\bin;C:\Windows\SYSTEM32;C:\Windows\WinSxS\amd64_microsoft.windows.common-controls_6595b64144ccf1df_6.0.9600.19394_none_62486577ecb635cf;C:\Program Files\Java\jdk-14\bin\server;C:\Program Files\JetBrains\IntelliJ IDEA Community Edition 2019.3.4\bin;C:\Program Files\Bonjour

VM Arguments:
jvm_args: -ea -Didea.test.cyclic.buffer.size=1048576 -javaagent:C:\Program Files\JetBrains\IntelliJ IDEA Community Edition 2019.3.4\lib\idea_rt.jar=62748:C:\Program Files\JetBrains\IntelliJ IDEA Community Edition 2019.3.4\bin -Dfile.encoding=UTF-8 
java_command: com.intellij.rt.testng.RemoteTestNGStarter -usedefaultlisteners false -socket62747 @w@C:\Users\AMG496\AppData\Local\Temp\idea_working_dirs_testng1.tmp -temp C:\Users\AMG496\AppData\Local\Temp\idea_testng1.tmp
java_class_path (initial): C:\Program Files\JetBrains\IntelliJ IDEA Community Edition 2019.3.4\lib\idea_rt.jar;C:\Program Files\JetBrains\IntelliJ IDEA Community Edition 2019.3.4\plugins\testng\lib\testng-rt.jar;E:\Orange_Labs\target\test-classes;E:\Orange_Labs\target\classes;C:\Users\AMG496\.m2\repository\org\testng\testng\7.0.0\testng-7.0.0.jar;C:\Users\AMG496\.m2\repository\com\beust\jcommander\1.72\jcommander-1.72.jar;C:\Users\AMG496\.m2\repository\org\seleniumhq\selenium\selenium-java\3.13.0\selenium-java-3.13.0.jar;C:\Users\AMG496\.m2\repository\org\seleniumhq\selenium\selenium-api\3.13.0\selenium-api-3.13.0.jar;C:\Users\AMG496\.m2\repository\org\seleniumhq\selenium\selenium-chrome-driver\3.13.0\selenium-chrome-driver-3.13.0.jar;C:\Users\AMG496\.m2\repository\org\seleniumhq\selenium\selenium-edge-driver\3.13.0\selenium-edge-driver-3.13.0.jar;C:\Users\AMG496\.m2\repository\org\seleniumhq\selenium\selenium-firefox-driver\3.13.0\selenium-firefox-driver-3.13.0.jar;C:\Users\AMG496\.m2\repository\org\seleniumhq\selenium\selenium-ie-driver\3.13.0\selenium-ie-driver-3.13.0.jar;C:\Users\AMG496\.m2\repository\org\seleniumhq\selenium\selenium-opera-driver\3.13.0\selenium-opera-driver-3.13.0.jar;C:\Users\AMG496\.m2\repository\org\seleniumhq\selenium\selenium-remote-driver\3.13.0\selenium-remote-driver-3.13.0.jar;C:\Users\AMG496\.m2\repository\org\seleniumhq\selenium\selenium-safari-driver\3.13.0\selenium-safari-driver-3.13.0.jar;C:\Users\AMG496\.m2\repository\org\seleniumhq\selenium\selenium-support\3.13.0\selenium-support-3.13.0.jar;C:\Users\AMG496\.m2\repository\net\bytebuddy\byte-buddy\1.8.3\byte-buddy-1.8.3.jar;C:\Users\AMG496\.m2\repository\org\apache\commons\commons-exec\1.3\commons-exec-1.3.jar;C:\Users\AMG496\.m2\repository\commons-logging\commons-logging\1.2\commons-logging-1.2.jar;C:\Users\AMG496\.m2\repository\com\google\code\gson\gson\2.8.4\gson-2.8.4.jar;C:\Users\AMG496\.m2\repository\com\google\guava\guava\25.0-jre\guava-25.0-jre.jar;C:\Users\AMG496\.m2\re
Launcher Type: SUN_STANDARD

[Global flags]
     intx CICompilerCount                          = 3                                         {product} {ergonomic}
     uint ConcGCThreads                            = 2                                         {product} {ergonomic}
     uint G1ConcRefinementThreads                  = 6                                         {product} {ergonomic}
   size_t G1HeapRegionSize                         = 1048576                                   {product} {ergonomic}
    uintx GCDrainStackTargetSize                   = 64                                        {product} {ergonomic}
   size_t InitialHeapSize                          = 134217728                                 {product} {ergonomic}
   size_t MarkStackSize                            = 4194304                                   {product} {ergonomic}
   size_t MaxHeapSize                              = 2143289344                                {product} {ergonomic}
   size_t MaxNewSize                               = 1285554176                                {product} {ergonomic}
   size_t MinHeapDeltaBytes                        = 1048576                                   {product} {ergonomic}
   size_t MinHeapSize                              = 8388608                                   {product} {ergonomic}
    uintx NonNMethodCodeHeapSize                   = 5832780                                {pd product} {ergonomic}
    uintx NonProfiledCodeHeapSize                  = 122912730                              {pd product} {ergonomic}
    uintx ProfiledCodeHeapSize                     = 122912730                              {pd product} {ergonomic}
    uintx ReservedCodeCacheSize                    = 251658240                              {pd product} {ergonomic}
     bool SegmentedCodeCache                       = true                                      {product} {ergonomic}
   size_t SoftMaxHeapSize                          = 2143289344                             {manageable} {ergonomic}
     bool UseCompressedClassPointers               = true                                 {lp64_product} {ergonomic}
     bool UseCompressedOops                        = true                                 {lp64_product} {ergonomic}
     bool UseG1GC                                  = true                                      {product} {ergonomic}
     bool UseLargePagesIndividualAllocation        = false                                  {pd product} {ergonomic}

Logging:
Log output configuration:
 #0: stdout all=warning uptime,level,tags
 #1: stderr all=off uptime,level,tags

Environment Variables:
JAVA_HOME=C:\Program Files\Java\jdk-14
PATH=C:\Program Files\Java\jdk-14\bin;E:\apache-maven-3.6.3-bin\apache-maven-3.6.3\bin;C:\Program Files\Git\cmd;C:\Program Files\Git\mingw64\bin;C:\Program Files\Git\usr\bin
USERNAME=AMG496
OS=Windows_NT
PROCESSOR_IDENTIFIER=AMD64 Family 21 Model 2 Stepping 0, AuthenticAMD



---------------  S Y S T E M  ---------------

OS: Windows 8.1 , 64 bit Build 9600 (6.3.9600.19538)
OS uptime: 0 days 9:43 hours

CPU:total 6 (initial active 6) (6 cores per cpu, 1 threads per core) family 21 model 2 stepping 0, cmov, cx8, fxsr, mmx, sse, sse2, sse3, ssse3, sse4.1, sse4.2, popcnt, avx, aes, clmul, mmxext, 3dnowpref, lzcnt, sse4a, tsc, tscinvbit, tscinv, bmi1, fma

Memory: 4k page, system-wide physical 8173M (1903M free)
TotalPageFile size 11245M (AvailPageFile size 402M)
current process WorkingSet (physical memory assigned to process): 121M, peak: 121M
current process commit charge ("private bytes"): 252M, peak: 253M

vm_info: Java HotSpot(TM) 64-Bit Server VM (14+36-1461) for windows-amd64 JRE (14+36-1461), built on Feb  6 2020 19:08:04 by "mach5one" with MS VC++ 15.9 (VS2017)

END.
